2024-11-26 14:28:04 [32minfo[39m: [32mFetching all announcements[39m
2024-11-26 14:28:04 [31merror[39m: [31mFailed to fetch announcements[39m
2024-11-26 14:28:04 [31merror[39m: [31mFailed to render announcements page[39m
2024-11-26 14:30:32 [32minfo[39m: [32mFetching all announcements[39m
2024-11-26 14:30:32 [31merror[39m: [31mFailed to fetch announcements[39m
2024-11-26 14:30:32 [31merror[39m: [31mFailed to render announcements page[39m
2024-11-26 14:30:34 [32minfo[39m: [32mFetching all announcements[39m
2024-11-26 14:30:34 [31merror[39m: [31mFailed to fetch announcements[39m
2024-11-26 14:30:34 [31merror[39m: [31mFailed to render announcements page[39m
2024-11-26 14:30:35 [32minfo[39m: [32mFetching all announcements[39m
2024-11-26 14:30:35 [31merror[39m: [31mFailed to fetch announcements[39m
2024-11-26 14:30:35 [31merror[39m: [31mFailed to render announcements page[39m
2024-11-26 14:30:35 [32minfo[39m: [32mFetching all announcements[39m
2024-11-26 14:30:35 [31merror[39m: [31mFailed to fetch announcements[39m
2024-11-26 14:30:35 [31merror[39m: [31mFailed to render announcements page[39m
2024-11-26 14:30:35 [32minfo[39m: [32mFetching all announcements[39m
2024-11-26 14:30:35 [31merror[39m: [31mFailed to fetch announcements[39m
2024-11-26 14:30:35 [31merror[39m: [31mFailed to render announcements page[39m
2024-11-26 14:31:05 [32minfo[39m: [32mFetching all announcements[39m
2024-11-26 14:31:05 [31merror[39m: [31mFailed to fetch announcements[39m
2024-11-26 14:31:05 [31merror[39m: [31mFailed to render announcements page[39m
2024-11-26 14:31:06 [32minfo[39m: [32mFetching all announcements[39m
2024-11-26 14:31:06 [31merror[39m: [31mFailed to fetch announcements[39m
2024-11-26 14:31:06 [31merror[39m: [31mFailed to render announcements page[39m
2024-11-26 14:31:07 [32minfo[39m: [32mFetching all announcements[39m
2024-11-26 14:31:07 [31merror[39m: [31mFailed to fetch announcements[39m
2024-11-26 14:31:07 [31merror[39m: [31mFailed to render announcements page[39m
2024-11-26 14:31:07 [32minfo[39m: [32mFetching all announcements[39m
2024-11-26 14:31:07 [31merror[39m: [31mFailed to fetch announcements[39m
2024-11-26 14:31:07 [31merror[39m: [31mFailed to render announcements page[39m
2024-11-26 14:31:07 [32minfo[39m: [32mFetching all announcements[39m
2024-11-26 14:31:07 [31merror[39m: [31mFailed to fetch announcements[39m
2024-11-26 14:31:07 [31merror[39m: [31mFailed to render announcements page[39m
2024-11-26 14:31:07 [32minfo[39m: [32mFetching all announcements[39m
2024-11-26 14:31:07 [31merror[39m: [31mFailed to fetch announcements[39m
2024-11-26 14:31:07 [31merror[39m: [31mFailed to render announcements page[39m
2024-11-26 14:31:07 [32minfo[39m: [32mFetching all announcements[39m
2024-11-26 14:31:07 [31merror[39m: [31mFailed to fetch announcements[39m
2024-11-26 14:31:07 [31merror[39m: [31mFailed to render announcements page[39m
2024-11-26 14:31:08 [32minfo[39m: [32mFetching all announcements[39m
2024-11-26 14:31:08 [31merror[39m: [31mFailed to fetch announcements[39m
2024-11-26 14:31:08 [31merror[39m: [31mFailed to render announcements page[39m
2024-11-26 14:31:08 [32minfo[39m: [32mFetching all announcements[39m
2024-11-26 14:31:08 [31merror[39m: [31mFailed to fetch announcements[39m
2024-11-26 14:31:08 [31merror[39m: [31mFailed to render announcements page[39m
2024-11-26 14:31:08 [32minfo[39m: [32mFetching all announcements[39m
2024-11-26 14:31:08 [31merror[39m: [31mFailed to fetch announcements[39m
2024-11-26 14:31:08 [31merror[39m: [31mFailed to render announcements page[39m
2024-11-26 14:31:08 [32minfo[39m: [32mFetching all announcements[39m
2024-11-26 14:31:08 [31merror[39m: [31mFailed to fetch announcements[39m
2024-11-26 14:31:08 [31merror[39m: [31mFailed to render announcements page[39m
2024-11-26 14:31:09 [32minfo[39m: [32mFetching all announcements[39m
2024-11-26 14:31:09 [31merror[39m: [31mFailed to fetch announcements[39m
2024-11-26 14:31:09 [31merror[39m: [31mFailed to render announcements page[39m
2024-11-26 14:31:09 [32minfo[39m: [32mFetching all announcements[39m
2024-11-26 14:31:09 [31merror[39m: [31mFailed to fetch announcements[39m
2024-11-26 14:31:09 [31merror[39m: [31mFailed to render announcements page[39m
2024-11-26 14:33:21 [32minfo[39m: [32mFetching all announcements[39m
2024-11-26 14:33:21 [31merror[39m: [31mFailed to fetch announcements[39m
2024-11-26 14:33:21 [31merror[39m: [31mFailed to render announcements page[39m
2024-11-26 14:33:22 [32minfo[39m: [32mFetching all announcements[39m
2024-11-26 14:33:22 [31merror[39m: [31mFailed to fetch announcements[39m
2024-11-26 14:33:22 [31merror[39m: [31mFailed to render announcements page[39m
2024-11-26 14:33:22 [32minfo[39m: [32mFetching all announcements[39m
2024-11-26 14:33:22 [31merror[39m: [31mFailed to fetch announcements[39m
2024-11-26 14:33:22 [31merror[39m: [31mFailed to render announcements page[39m
2024-11-26 14:33:22 [32minfo[39m: [32mFetching all announcements[39m
2024-11-26 14:33:22 [31merror[39m: [31mFailed to fetch announcements[39m
2024-11-26 14:33:22 [31merror[39m: [31mFailed to render announcements page[39m
2024-11-26 14:34:37 [32minfo[39m: [32mFetching all announcements[39m
2024-11-26 14:34:37 [31merror[39m: [31mFailed to fetch announcements[39m
2024-11-26 14:34:37 [31merror[39m: [31mFailed to render announcements page[39m
2024-11-26 14:34:38 [32minfo[39m: [32mFetching all announcements[39m
2024-11-26 14:34:38 [31merror[39m: [31mFailed to fetch announcements[39m
2024-11-26 14:34:38 [31merror[39m: [31mFailed to render announcements page[39m
2024-11-26 14:35:27 [32minfo[39m: [32mFetching all announcements[39m
2024-11-26 14:35:27 [31merror[39m: [31mFailed to fetch announcements[object Object][39m
2024-11-26 14:35:27 [31merror[39m: [31mFailed to render announcements page[39m
2024-11-26 14:35:29 [32minfo[39m: [32mFetching all announcements[39m
2024-11-26 14:35:29 [31merror[39m: [31mFailed to fetch announcements[object Object][39m
2024-11-26 14:35:29 [31merror[39m: [31mFailed to render announcements page[39m
2024-11-26 14:36:00 [32minfo[39m: [32mFetching all announcements[39m
2024-11-26 14:36:00 [31merror[39m: [31mFailed to fetch announcements[39m
2024-11-26 14:36:00 [31merror[39m: [31mFailed to render announcements page[39m
2024-11-26 14:40:29 [32minfo[39m: [32mFetching all announcements[39m
2024-11-26 14:40:29 [32minfo[39m: [32mSuccessfully retrieved announcements[39m
2024-11-26 14:40:29 [32minfo[39m: [32mSuccessfully fetched announcements[39m
2024-11-26 14:40:31 [32minfo[39m: [32mFetching all announcements[39m
2024-11-26 14:40:31 [32minfo[39m: [32mSuccessfully retrieved announcements[39m
2024-11-26 14:40:31 [32minfo[39m: [32mSuccessfully fetched announcements[39m
2024-11-26 14:42:13 [32minfo[39m: [32mFetching all announcements[39m
2024-11-26 14:42:13 [32minfo[39m: [32mSuccessfully retrieved announcements[39m
2024-11-26 14:42:13 [32minfo[39m: [32mSuccessfully fetched announcements[39m
2024-11-26 14:42:16 [32minfo[39m: [32mFetching all announcements[39m
2024-11-26 14:42:16 [32minfo[39m: [32mSuccessfully retrieved announcements[39m
2024-11-26 14:42:16 [32minfo[39m: [32mSuccessfully fetched announcements[39m
2024-11-26 14:42:17 [32minfo[39m: [32mFetching all announcements[39m
2024-11-26 14:42:17 [32minfo[39m: [32mSuccessfully retrieved announcements[39m
2024-11-26 14:42:17 [32minfo[39m: [32mSuccessfully fetched announcements[39m
2024-11-26 14:45:50 [32minfo[39m: [32mFetching all announcements[39m
2024-11-26 14:45:50 [32minfo[39m: [32mSuccessfully retrieved announcements[39m
2024-11-26 14:45:50 [32minfo[39m: [32mSuccessfully fetched announcements[39m
2024-11-26 14:47:17 [32minfo[39m: [32mFetching all announcements[39m
2024-11-26 14:47:17 [32minfo[39m: [32mSuccessfully retrieved announcements[39m
2024-11-26 14:47:17 [32minfo[39m: [32mSuccessfully fetched announcements[39m
2024-11-26 14:49:44 [32minfo[39m: [32mFetching all announcements[39m
2024-11-26 14:49:44 [32minfo[39m: [32mSuccessfully retrieved announcements[39m
2024-11-26 14:49:44 [32minfo[39m: [32mSuccessfully fetched announcements[39m
2024-11-26 14:59:50 [32minfo[39m: [32mFetching all announcements[39m
2024-11-26 14:59:50 [32minfo[39m: [32mSuccessfully retrieved announcements[39m
2024-11-26 14:59:50 [32minfo[39m: [32mSuccessfully fetched announcements[39m
2024-11-26 15:03:25 [31merror[39m: [31mFailed to render announcements page[39m
2024-11-26 15:03:33 [31merror[39m: [31mFailed to render announcements page[39m
2024-11-26 15:06:35 [31merror[39m: [31mFailed to render announcements page[39m
2024-11-26 15:06:36 [31merror[39m: [31mFailed to render announcements page[39m
2024-11-26 15:06:37 [31merror[39m: [31mFailed to render announcements page[39m
2024-11-26 15:08:47 [31merror[39m: [31mFailed to render announcements page[39m
2024-11-26 15:11:20 [31merror[39m: [31mFailed to render announcements page[39m
2024-11-26 15:11:21 [31merror[39m: [31mFailed to render announcements page[39m
2024-11-26 15:11:43 [32minfo[39m: [32mSuccessfully fetched announcements with pagination[39m
2024-11-26 15:17:17 [32minfo[39m: [32mSuccessfully fetched announcements with pagination[39m
2024-11-26 15:19:45 [32minfo[39m: [32mSuccessfully fetched announcements with pagination[39m
2024-11-26 15:19:48 [32minfo[39m: [32mSuccessfully fetched announcements with pagination[39m
2024-11-26 15:19:52 [32minfo[39m: [32mSuccessfully fetched announcements with pagination[39m
2024-11-26 15:19:54 [32minfo[39m: [32mSuccessfully fetched announcements with pagination[39m
2024-11-26 15:20:37 [32minfo[39m: [32mSuccessfully fetched announcements with pagination[39m
2024-11-26 15:20:39 [32minfo[39m: [32mSuccessfully fetched announcements with pagination[39m
2024-11-26 15:20:47 [32minfo[39m: [32mSuccessfully fetched announcements with pagination[39m
2024-11-26 15:23:46 [32minfo[39m: [32mSuccessfully fetched announcements with pagination[39m
2024-11-26 15:23:57 [32minfo[39m: [32mSuccessfully fetched announcements with pagination[39m
2024-11-26 15:24:34 [32minfo[39m: [32mSuccessfully fetched announcements with pagination[39m
2024-11-26 15:25:39 [32minfo[39m: [32mSuccessfully fetched announcements with pagination[39m
2024-11-26 15:29:07 [32minfo[39m: [32mSuccessfully fetched announcements with pagination[39m
2024-11-26 15:32:27 [32minfo[39m: [32mSuccessfully fetched announcements with pagination[39m
2024-11-26 15:32:32 [32minfo[39m: [32mSuccessfully fetched announcements with pagination[39m
2024-11-26 15:32:37 [32minfo[39m: [32mSuccessfully fetched announcements with pagination[39m
2024-11-26 15:32:41 [32minfo[39m: [32mSuccessfully fetched announcements with pagination[39m
2024-11-26 15:32:44 [32minfo[39m: [32mSuccessfully fetched announcements with pagination[39m
2024-11-26 15:35:40 [32minfo[39m: [32mSuccessfully fetched announcements with pagination[39m
2024-11-26 15:35:44 [32minfo[39m: [32mSuccessfully fetched announcements with pagination[39m
2024-11-26 15:35:48 [32minfo[39m: [32mSuccessfully fetched announcements with pagination[39m
2024-11-26 15:37:01 [32minfo[39m: [32mSuccessfully fetched announcements with pagination[39m
2024-11-26 15:37:51 [32minfo[39m: [32mSuccessfully fetched announcements with pagination[39m
2024-11-26 15:37:54 [32minfo[39m: [32mSuccessfully fetched announcements with pagination[39m
2024-11-26 15:38:09 [32minfo[39m: [32mSuccessfully fetched announcements with pagination[39m
2024-11-26 15:38:14 [32minfo[39m: [32mSuccessfully fetched announcements with pagination[39m
2024-11-26 15:39:48 [32minfo[39m: [32mSuccessfully fetched announcements with pagination[39m
2024-11-26 15:40:33 [32minfo[39m: [32mSuccessfully fetched announcements with pagination[39m
